{
  "tests": 20,
  "failures": 0,
  "disabled": 0,
  "errors": 0,
  "timestamp": "2023-06-12T09:07:45Z",
  "time": "0.001s",
  "name": "AllTests",
  "testsuites": [
    {
      "name": "MyStringTester",
      "tests": 20,
      "failures": 0,
      "disabled": 0,
      "errors": 0,
      "timestamp": "2023-06-12T09:07:45Z",
      "time": "0.001s",
      "testsuite": [
        {
          "name": "emptyStringConstruction_expectedSizeIsZero",
          "file": "\/tmp\/tmph6wpmps7\/student\/zaj6MyString\/tests\/myStringTests.cpp",
          "line": 28,
          "status": "RUN",
          "result": "COMPLETED",
          "timestamp": "2023-06-12T09:07:45Z",
          "time": "0s",
          "classname": "MyStringTester"
        },
        {
          "name": "constructionFromConstChar_expectedTextCopied",
          "file": "\/tmp\/tmph6wpmps7\/student\/zaj6MyString\/tests\/myStringTests.cpp",
          "line": 36,
          "status": "RUN",
          "result": "COMPLETED",
          "timestamp": "2023-06-12T09:07:45Z",
          "time": "0s",
          "classname": "MyStringTester"
        },
        {
          "name": "clear_expectedEmptyStringAfterClearing",
          "file": "\/tmp\/tmph6wpmps7\/student\/zaj6MyString\/tests\/myStringTests.cpp",
          "line": 51,
          "status": "RUN",
          "result": "COMPLETED",
          "timestamp": "2023-06-12T09:07:45Z",
          "time": "0s",
          "classname": "MyStringTester"
        },
        {
          "name": "ostreamOperator_readTextShorterThanBufferSize_expectedTextInStream",
          "file": "\/tmp\/tmph6wpmps7\/student\/zaj6MyString\/tests\/myStringTests.cpp",
          "line": 65,
          "status": "RUN",
          "result": "COMPLETED",
          "timestamp": "2023-06-12T09:07:45Z",
          "time": "0s",
          "classname": "MyStringTester"
        },
        {
          "name": "ostreamOperator_readTextEqualToBufferSize_expectedTextInStream",
          "file": "\/tmp\/tmph6wpmps7\/student\/zaj6MyString\/tests\/myStringTests.cpp",
          "line": 74,
          "status": "RUN",
          "result": "COMPLETED",
          "timestamp": "2023-06-12T09:07:45Z",
          "time": "0s",
          "classname": "MyStringTester"
        },
        {
          "name": "ostreamOperator_readTextLongerThanBufferSize_expectedTextInStream",
          "file": "\/tmp\/tmph6wpmps7\/student\/zaj6MyString\/tests\/myStringTests.cpp",
          "line": 83,
          "status": "RUN",
          "result": "COMPLETED",
          "timestamp": "2023-06-12T09:07:45Z",
          "time": "0s",
          "classname": "MyStringTester"
        },
        {
          "name": "indexAccessOperator_expectedPossibilityToAccesElementsWithIndex",
          "file": "\/tmp\/tmph6wpmps7\/student\/zaj6MyString\/tests\/myStringTests.cpp",
          "line": 92,
          "status": "RUN",
          "result": "COMPLETED",
          "timestamp": "2023-06-12T09:07:45Z",
          "time": "0s",
          "classname": "MyStringTester"
        },
        {
          "name": "istreamOperator_expectedTextCopiedFromStreamToString",
          "file": "\/tmp\/tmph6wpmps7\/student\/zaj6MyString\/tests\/myStringTests.cpp",
          "line": 104,
          "status": "RUN",
          "result": "COMPLETED",
          "timestamp": "2023-06-12T09:07:45Z",
          "time": "0s",
          "classname": "MyStringTester"
        },
        {
          "name": "trimming_expectedSpacesRemoved",
          "file": "\/tmp\/tmph6wpmps7\/student\/zaj6MyString\/tests\/myStringTests.cpp",
          "line": 121,
          "status": "RUN",
          "result": "COMPLETED",
          "timestamp": "2023-06-12T09:07:45Z",
          "time": "0s",
          "classname": "MyStringTester"
        },
        {
          "name": "operatorPlusEqual_expectedTextConcatenation",
          "file": "\/tmp\/tmph6wpmps7\/student\/zaj6MyString\/tests\/myStringTests.cpp",
          "line": 166,
          "status": "RUN",
          "result": "COMPLETED",
          "timestamp": "2023-06-12T09:07:45Z",
          "time": "0s",
          "classname": "MyStringTester"
        },
        {
          "name": "countingUniqueWords",
          "file": "\/tmp\/tmph6wpmps7\/student\/zaj6MyString\/tests\/myStringTests.cpp",
          "line": 186,
          "status": "RUN",
          "result": "COMPLETED",
          "timestamp": "2023-06-12T09:07:45Z",
          "time": "0s",
          "classname": "MyStringTester"
        },
        {
          "name": "countingWordsNumbersInText",
          "file": "\/tmp\/tmph6wpmps7\/student\/zaj6MyString\/tests\/myStringTests.cpp",
          "line": 199,
          "status": "RUN",
          "result": "COMPLETED",
          "timestamp": "2023-06-12T09:07:45Z",
          "time": "0s",
          "classname": "MyStringTester"
        },
        {
          "name": "countingWordsNumbersInTextIgnoringWordCases",
          "file": "\/tmp\/tmph6wpmps7\/student\/zaj6MyString\/tests\/myStringTests.cpp",
          "line": 261,
          "status": "RUN",
          "result": "COMPLETED",
          "timestamp": "2023-06-12T09:07:45Z",
          "time": "0s",
          "classname": "MyStringTester"
        },
        {
          "name": "wordsIntoLowerCase",
          "file": "\/tmp\/tmph6wpmps7\/student\/zaj6MyString\/tests\/myStringTests.cpp",
          "line": 307,
          "status": "RUN",
          "result": "COMPLETED",
          "timestamp": "2023-06-12T09:07:45Z",
          "time": "0s",
          "classname": "MyStringTester"
        },
        {
          "name": "randomWordGeneration",
          "file": "\/tmp\/tmph6wpmps7\/student\/zaj6MyString\/tests\/myStringTests.cpp",
          "line": 322,
          "status": "RUN",
          "result": "COMPLETED",
          "timestamp": "2023-06-12T09:07:45Z",
          "time": "0s",
          "classname": "MyStringTester"
        },
        {
          "name": "startsWith",
          "file": "\/tmp\/tmph6wpmps7\/student\/zaj6MyString\/tests\/myStringTests.cpp",
          "line": 333,
          "status": "RUN",
          "result": "COMPLETED",
          "timestamp": "2023-06-12T09:07:45Z",
          "time": "0s",
          "classname": "MyStringTester"
        },
        {
          "name": "endsWith",
          "file": "\/tmp\/tmph6wpmps7\/student\/zaj6MyString\/tests\/myStringTests.cpp",
          "line": 348,
          "status": "RUN",
          "result": "COMPLETED",
          "timestamp": "2023-06-12T09:07:45Z",
          "time": "0s",
          "classname": "MyStringTester"
        },
        {
          "name": "comparingTexts",
          "file": "\/tmp\/tmph6wpmps7\/student\/zaj6MyString\/tests\/myStringTests.cpp",
          "line": 360,
          "status": "RUN",
          "result": "COMPLETED",
          "timestamp": "2023-06-12T09:07:45Z",
          "time": "0s",
          "classname": "MyStringTester"
        },
        {
          "name": "joiningContainer",
          "file": "\/tmp\/tmph6wpmps7\/student\/zaj6MyString\/tests\/myStringTests.cpp",
          "line": 377,
          "status": "RUN",
          "result": "COMPLETED",
          "timestamp": "2023-06-12T09:07:45Z",
          "time": "0s",
          "classname": "MyStringTester"
        },
        {
          "name": "all_of",
          "file": "\/tmp\/tmph6wpmps7\/student\/zaj6MyString\/tests\/myStringTests.cpp",
          "line": 396,
          "status": "RUN",
          "result": "COMPLETED",
          "timestamp": "2023-06-12T09:07:45Z",
          "time": "0s",
          "classname": "MyStringTester"
        }
      ]
    }
  ]
}
