==164== Memcheck, a memory error detector
==164== Copyright (C) 2002-2017, and GNU GPL'd, by Julian Seward et al.
==164== Using Valgrind-3.18.1 and LibVEX; rerun with -h for copyright info
==164== Command: /tmp/tmph6wpmps7/student/zaj6MyString/build//bin/tests
==164== 
Running main() from /tmp/tmph6wpmps7/student/zaj6MyString/tests/lib/googletest/src/gtest_main.cc
[==========] Running 20 tests from 1 test suite.
[----------] Global test environment set-up.
[----------] 20 tests from MyStringTester
[ RUN      ] MyStringTester.emptyStringConstruction_expectedSizeIsZero
[       OK ] MyStringTester.emptyStringConstruction_expectedSizeIsZero (19 ms)
[ RUN      ] MyStringTester.constructionFromConstChar_expectedTextCopied
[       OK ] MyStringTester.constructionFromConstChar_expectedTextCopied (3 ms)
[ RUN      ] MyStringTester.clear_expectedEmptyStringAfterClearing
[       OK ] MyStringTester.clear_expectedEmptyStringAfterClearing (4 ms)
[ RUN      ] MyStringTester.ostreamOperator_readTextShorterThanBufferSize_expectedTextInStream
[       OK ] MyStringTester.ostreamOperator_readTextShorterThanBufferSize_expectedTextInStream (7 ms)
[ RUN      ] MyStringTester.ostreamOperator_readTextEqualToBufferSize_expectedTextInStream
[       OK ] MyStringTester.ostreamOperator_readTextEqualToBufferSize_expectedTextInStream (3 ms)
[ RUN      ] MyStringTester.ostreamOperator_readTextLongerThanBufferSize_expectedTextInStream
[       OK ] MyStringTester.ostreamOperator_readTextLongerThanBufferSize_expectedTextInStream (2 ms)
[ RUN      ] MyStringTester.indexAccessOperator_expectedPossibilityToAccesElementsWithIndex
[       OK ] MyStringTester.indexAccessOperator_expectedPossibilityToAccesElementsWithIndex (40 ms)
[ RUN      ] MyStringTester.istreamOperator_expectedTextCopiedFromStreamToString
[       OK ] MyStringTester.istreamOperator_expectedTextCopiedFromStreamToString (10 ms)
[ RUN      ] MyStringTester.trimming_expectedSpacesRemoved
[       OK ] MyStringTester.trimming_expectedSpacesRemoved (25 ms)
[ RUN      ] MyStringTester.operatorPlusEqual_expectedTextConcatenation
[       OK ] MyStringTester.operatorPlusEqual_expectedTextConcatenation (4 ms)
[ RUN      ] MyStringTester.countingUniqueWords
[       OK ] MyStringTester.countingUniqueWords (33 ms)
[ RUN      ] MyStringTester.countingWordsNumbersInText
[       OK ] MyStringTester.countingWordsNumbersInText (57 ms)
[ RUN      ] MyStringTester.countingWordsNumbersInTextIgnoringWordCases
[       OK ] MyStringTester.countingWordsNumbersInTextIgnoringWordCases (24 ms)
[ RUN      ] MyStringTester.wordsIntoLowerCase
[       OK ] MyStringTester.wordsIntoLowerCase (4 ms)
[ RUN      ] MyStringTester.randomWordGeneration
[       OK ] MyStringTester.randomWordGeneration (5 ms)
[ RUN      ] MyStringTester.startsWith
[       OK ] MyStringTester.startsWith (10 ms)
[ RUN      ] MyStringTester.endsWith
[       OK ] MyStringTester.endsWith (5 ms)
[ RUN      ] MyStringTester.comparingTexts
[       OK ] MyStringTester.comparingTexts (7 ms)
[ RUN      ] MyStringTester.joiningContainer
[       OK ] MyStringTester.joiningContainer (17 ms)
[ RUN      ] MyStringTester.all_of
[       OK ] MyStringTester.all_of (8 ms)
[----------] 20 tests from MyStringTester (309 ms total)

[----------] Global test environment tear-down
[==========] 20 tests from 1 test suite ran. (361 ms total)
[  PASSED  ] 20 tests.
==164== 
==164== HEAP SUMMARY:
==164==     in use at exit: 0 bytes in 0 blocks
==164==   total heap usage: 790 allocs, 790 frees, 182,014 bytes allocated
==164== 
==164== All heap blocks were freed -- no leaks are possible
==164== 
==164== For lists of detected and suppressed errors, rerun with: -s
==164== ERROR SUMMARY: 0 errors from 0 contexts (suppressed: 0 from 0)
