{
  "tests": 16,
  "failures": 0,
  "disabled": 0,
  "errors": 0,
  "timestamp": "2023-06-14T19:05:01Z",
  "time": "0.002s",
  "name": "AllTests",
  "testsuites": [
    {
      "name": "MyListTester",
      "tests": 11,
      "failures": 0,
      "disabled": 0,
      "errors": 0,
      "timestamp": "2023-06-14T19:05:01Z",
      "time": "0s",
      "testsuite": [
        {
          "name": "constructorOfEmptyList_expectedSizeIs0",
          "file": "\/tmp\/tmp9p2vqms9\/student\/zaj5MyList_mySort\/tests\/MyListTests.cpp",
          "line": 44,
          "status": "RUN",
          "result": "COMPLETED",
          "timestamp": "2023-06-14T19:05:01Z",
          "time": "0s",
          "classname": "MyListTester"
        },
        {
          "name": "pushingAndPopingElementsFront_expectedSizeIncreasingAndDecreasing",
          "file": "\/tmp\/tmp9p2vqms9\/student\/zaj5MyList_mySort\/tests\/MyListTests.cpp",
          "line": 56,
          "status": "RUN",
          "result": "COMPLETED",
          "timestamp": "2023-06-14T19:05:01Z",
          "time": "0s",
          "classname": "MyListTester"
        },
        {
          "name": "pushingAndPopingElementsFront_elementsAreBeingThenAddedRemoved",
          "file": "\/tmp\/tmp9p2vqms9\/student\/zaj5MyList_mySort\/tests\/MyListTests.cpp",
          "line": 80,
          "status": "RUN",
          "result": "COMPLETED",
          "timestamp": "2023-06-14T19:05:01Z",
          "time": "0s",
          "classname": "MyListTester"
        },
        {
          "name": "nodesStoredAsUniquePtrs",
          "file": "\/tmp\/tmp9p2vqms9\/student\/zaj5MyList_mySort\/tests\/MyListTests.cpp",
          "line": 104,
          "status": "RUN",
          "result": "COMPLETED",
          "timestamp": "2023-06-14T19:05:01Z",
          "time": "0s",
          "classname": "MyListTester"
        },
        {
          "name": "popFromWhenEmptyList_expectedExceptionThrown",
          "file": "\/tmp\/tmp9p2vqms9\/student\/zaj5MyList_mySort\/tests\/MyListTests.cpp",
          "line": 120,
          "status": "RUN",
          "result": "COMPLETED",
          "timestamp": "2023-06-14T19:05:01Z",
          "time": "0s",
          "classname": "MyListTester"
        },
        {
          "name": "expectedCopyingDisabled",
          "file": "\/tmp\/tmp9p2vqms9\/student\/zaj5MyList_mySort\/tests\/MyListTests.cpp",
          "line": 142,
          "status": "RUN",
          "result": "COMPLETED",
          "timestamp": "2023-06-14T19:05:01Z",
          "time": "0s",
          "classname": "MyListTester"
        },
        {
          "name": "removingElements",
          "file": "\/tmp\/tmp9p2vqms9\/student\/zaj5MyList_mySort\/tests\/MyListTests.cpp",
          "line": 152,
          "status": "RUN",
          "result": "COMPLETED",
          "timestamp": "2023-06-14T19:05:01Z",
          "time": "0s",
          "classname": "MyListTester"
        },
        {
          "name": "iteratorOperationsWorks",
          "file": "\/tmp\/tmp9p2vqms9\/student\/zaj5MyList_mySort\/tests\/MyListTests.cpp",
          "line": 190,
          "status": "RUN",
          "result": "COMPLETED",
          "timestamp": "2023-06-14T19:05:01Z",
          "time": "0s",
          "classname": "MyListTester"
        },
        {
          "name": "iterationWorksWithRangedForLoop",
          "file": "\/tmp\/tmp9p2vqms9\/student\/zaj5MyList_mySort\/tests\/MyListTests.cpp",
          "line": 210,
          "status": "RUN",
          "result": "COMPLETED",
          "timestamp": "2023-06-14T19:05:01Z",
          "time": "0s",
          "classname": "MyListTester"
        },
        {
          "name": "iteratorWorksWithStlAlgorithms",
          "file": "\/tmp\/tmp9p2vqms9\/student\/zaj5MyList_mySort\/tests\/MyListTests.cpp",
          "line": 245,
          "status": "RUN",
          "result": "COMPLETED",
          "timestamp": "2023-06-14T19:05:01Z",
          "time": "0s",
          "classname": "MyListTester"
        },
        {
          "name": "ostreamOperator_expectedAllValuesInStream",
          "file": "\/tmp\/tmp9p2vqms9\/student\/zaj5MyList_mySort\/tests\/MyListTests.cpp",
          "line": 265,
          "status": "RUN",
          "result": "COMPLETED",
          "timestamp": "2023-06-14T19:05:01Z",
          "time": "0s",
          "classname": "MyListTester"
        }
      ]
    },
    {
      "name": "MySortTester",
      "tests": 5,
      "failures": 0,
      "disabled": 0,
      "errors": 0,
      "timestamp": "2023-06-14T19:05:01Z",
      "time": "0.001s",
      "testsuite": [
        {
          "name": "sortingStaticArray_expectedArraySorted",
          "file": "\/tmp\/tmp9p2vqms9\/student\/zaj5MyList_mySort\/tests\/MySortTests.cpp",
          "line": 47,
          "status": "RUN",
          "result": "COMPLETED",
          "timestamp": "2023-06-14T19:05:01Z",
          "time": "0s",
          "classname": "MySortTester"
        },
        {
          "name": "sortingStdVector_expectedContainerSorted",
          "file": "\/tmp\/tmp9p2vqms9\/student\/zaj5MyList_mySort\/tests\/MySortTests.cpp",
          "line": 64,
          "status": "RUN",
          "result": "COMPLETED",
          "timestamp": "2023-06-14T19:05:01Z",
          "time": "0s",
          "classname": "MySortTester"
        },
        {
          "name": "sortingMyList_expectedElementsInTheListSorted",
          "file": "\/tmp\/tmp9p2vqms9\/student\/zaj5MyList_mySort\/tests\/MySortTests.cpp",
          "line": 81,
          "status": "RUN",
          "result": "COMPLETED",
          "timestamp": "2023-06-14T19:05:01Z",
          "time": "0s",
          "classname": "MySortTester"
        },
        {
          "name": "sortingConstCharPtrAllUpperCases_expectedAllWordsSorted",
          "file": "\/tmp\/tmp9p2vqms9\/student\/zaj5MyList_mySort\/tests\/MySortTests.cpp",
          "line": 102,
          "status": "RUN",
          "result": "COMPLETED",
          "timestamp": "2023-06-14T19:05:01Z",
          "time": "0.001s",
          "classname": "MySortTester"
        },
        {
          "name": "sortingConstCharPtrIgnoreCases_expectedAllWordsSortedDespiteDifferentCases",
          "file": "\/tmp\/tmp9p2vqms9\/student\/zaj5MyList_mySort\/tests\/MySortTests.cpp",
          "line": 119,
          "status": "RUN",
          "result": "COMPLETED",
          "timestamp": "2023-06-14T19:05:01Z",
          "time": "0s",
          "classname": "MySortTester"
        }
      ]
    }
  ]
}
