==163== Memcheck, a memory error detector
==163== Copyright (C) 2002-2017, and GNU GPL'd, by Julian Seward et al.
==163== Using Valgrind-3.18.1 and LibVEX; rerun with -h for copyright info
==163== Command: /tmp/tmp9p2vqms9/student/zaj5MyList_mySort/build//bin/tests
==163== 
Running main() from /tmp/tmp9p2vqms9/student/zaj5MyList_mySort/tests/lib/googletest/src/gtest_main.cc
[==========] Running 16 tests from 2 test suites.
[----------] Global test environment set-up.
[----------] 11 tests from MyListTester
[ RUN      ] MyListTester.constructorOfEmptyList_expectedSizeIs0
[       OK ] MyListTester.constructorOfEmptyList_expectedSizeIs0 (17 ms)
[ RUN      ] MyListTester.pushingAndPopingElementsFront_expectedSizeIncreasingAndDecreasing
[       OK ] MyListTester.pushingAndPopingElementsFront_expectedSizeIncreasingAndDecreasing (21 ms)
[ RUN      ] MyListTester.pushingAndPopingElementsFront_elementsAreBeingThenAddedRemoved
[       OK ] MyListTester.pushingAndPopingElementsFront_elementsAreBeingThenAddedRemoved (5 ms)
[ RUN      ] MyListTester.nodesStoredAsUniquePtrs
[       OK ] MyListTester.nodesStoredAsUniquePtrs (8 ms)
[ RUN      ] MyListTester.popFromWhenEmptyList_expectedExceptionThrown
[       OK ] MyListTester.popFromWhenEmptyList_expectedExceptionThrown (38 ms)
[ RUN      ] MyListTester.expectedCopyingDisabled
[       OK ] MyListTester.expectedCopyingDisabled (1 ms)
[ RUN      ] MyListTester.removingElements
[       OK ] MyListTester.removingElements (27 ms)
[ RUN      ] MyListTester.iteratorOperationsWorks
[       OK ] MyListTester.iteratorOperationsWorks (4 ms)
[ RUN      ] MyListTester.iterationWorksWithRangedForLoop
[       OK ] MyListTester.iterationWorksWithRangedForLoop (22 ms)
[ RUN      ] MyListTester.iteratorWorksWithStlAlgorithms
[       OK ] MyListTester.iteratorWorksWithStlAlgorithms (15 ms)
[ RUN      ] MyListTester.ostreamOperator_expectedAllValuesInStream
[       OK ] MyListTester.ostreamOperator_expectedAllValuesInStream (10 ms)
[----------] 11 tests from MyListTester (184 ms total)

[----------] 5 tests from MySortTester
[ RUN      ] MySortTester.sortingStaticArray_expectedArraySorted
[       OK ] MySortTester.sortingStaticArray_expectedArraySorted (10 ms)
[ RUN      ] MySortTester.sortingStdVector_expectedContainerSorted
[       OK ] MySortTester.sortingStdVector_expectedContainerSorted (14 ms)
[ RUN      ] MySortTester.sortingMyList_expectedElementsInTheListSorted
[       OK ] MySortTester.sortingMyList_expectedElementsInTheListSorted (9 ms)
[ RUN      ] MySortTester.sortingConstCharPtrAllUpperCases_expectedAllWordsSorted
==163== Conditional jump or move depends on uninitialised value(s)
==163==    at 0x4BD20D2: toupper (ctype.c:53)
==163==    by 0x1261C1: void mySort<47, 20>(char (&) [47][20]) (mySorting.h:43)
==163==    by 0x12467C: MySortTester_sortingConstCharPtrAllUpperCases_expectedAllWordsSorted_Test::TestBody() (MySortTests.cpp:108)
==163==    by 0x1694FC: void testing::internal::HandleSehExceptionsInMethodIfSupported<testing::Test, void>(testing::Test*, void (testing::Test::*)(), char const*) (gtest.cc:2621)
==163==    by 0x161DCC: void testing::internal::HandleExceptionsInMethodIfSupported<testing::Test, void>(testing::Test*, void (testing::Test::*)(), char const*) (gtest.cc:2657)
==163==    by 0x13CE1F: testing::Test::Run() (gtest.cc:2696)
==163==    by 0x13D93A: testing::TestInfo::Run() (gtest.cc:2845)
==163==    by 0x13E278: testing::TestSuite::Run() (gtest.cc:3004)
==163==    by 0x14E628: testing::internal::UnitTestImpl::RunAllTests() (gtest.cc:5890)
==163==    by 0x16A4B5: bool testing::internal::HandleSehExceptionsInMethodIfSupported<testing::internal::UnitTestImpl, bool>(testing::internal::UnitTestImpl*, bool (testing::internal::UnitTestImpl::*)(), char const*) (gtest.cc:2621)
==163==    by 0x162EBA: bool testing::internal::HandleExceptionsInMethodIfSupported<testing::internal::UnitTestImpl, bool>(testing::internal::UnitTestImpl*, bool (testing::internal::UnitTestImpl::*)(), char const*) (gtest.cc:2657)
==163==    by 0x14CC4A: testing::UnitTest::Run() (gtest.cc:5455)
==163== 
==163== Use of uninitialised value of size 8
==163==    at 0x4BD20E9: toupper (ctype.c:53)
==163==    by 0x4BD20E9: toupper (ctype.c:51)
==163==    by 0x1261C1: void mySort<47, 20>(char (&) [47][20]) (mySorting.h:43)
==163==    by 0x12467C: MySortTester_sortingConstCharPtrAllUpperCases_expectedAllWordsSorted_Test::TestBody() (MySortTests.cpp:108)
==163==    by 0x1694FC: void testing::internal::HandleSehExceptionsInMethodIfSupported<testing::Test, void>(testing::Test*, void (testing::Test::*)(), char const*) (gtest.cc:2621)
==163==    by 0x161DCC: void testing::internal::HandleExceptionsInMethodIfSupported<testing::Test, void>(testing::Test*, void (testing::Test::*)(), char const*) (gtest.cc:2657)
==163==    by 0x13CE1F: testing::Test::Run() (gtest.cc:2696)
==163==    by 0x13D93A: testing::TestInfo::Run() (gtest.cc:2845)
==163==    by 0x13E278: testing::TestSuite::Run() (gtest.cc:3004)
==163==    by 0x14E628: testing::internal::UnitTestImpl::RunAllTests() (gtest.cc:5890)
==163==    by 0x16A4B5: bool testing::internal::HandleSehExceptionsInMethodIfSupported<testing::internal::UnitTestImpl, bool>(testing::internal::UnitTestImpl*, bool (testing::internal::UnitTestImpl::*)(), char const*) (gtest.cc:2621)
==163==    by 0x162EBA: bool testing::internal::HandleExceptionsInMethodIfSupported<testing::internal::UnitTestImpl, bool>(testing::internal::UnitTestImpl*, bool (testing::internal::UnitTestImpl::*)(), char const*) (gtest.cc:2657)
==163==    by 0x14CC4A: testing::UnitTest::Run() (gtest.cc:5455)
==163== 
==163== Conditional jump or move depends on uninitialised value(s)
==163==    at 0x4BD20D2: toupper (ctype.c:53)
==163==    by 0x1261A2: void mySort<47, 20>(char (&) [47][20]) (mySorting.h:42)
==163==    by 0x12467C: MySortTester_sortingConstCharPtrAllUpperCases_expectedAllWordsSorted_Test::TestBody() (MySortTests.cpp:108)
==163==    by 0x1694FC: void testing::internal::HandleSehExceptionsInMethodIfSupported<testing::Test, void>(testing::Test*, void (testing::Test::*)(), char const*) (gtest.cc:2621)
==163==    by 0x161DCC: void testing::internal::HandleExceptionsInMethodIfSupported<testing::Test, void>(testing::Test*, void (testing::Test::*)(), char const*) (gtest.cc:2657)
==163==    by 0x13CE1F: testing::Test::Run() (gtest.cc:2696)
==163==    by 0x13D93A: testing::TestInfo::Run() (gtest.cc:2845)
==163==    by 0x13E278: testing::TestSuite::Run() (gtest.cc:3004)
==163==    by 0x14E628: testing::internal::UnitTestImpl::RunAllTests() (gtest.cc:5890)
==163==    by 0x16A4B5: bool testing::internal::HandleSehExceptionsInMethodIfSupported<testing::internal::UnitTestImpl, bool>(testing::internal::UnitTestImpl*, bool (testing::internal::UnitTestImpl::*)(), char const*) (gtest.cc:2621)
==163==    by 0x162EBA: bool testing::internal::HandleExceptionsInMethodIfSupported<testing::internal::UnitTestImpl, bool>(testing::internal::UnitTestImpl*, bool (testing::internal::UnitTestImpl::*)(), char const*) (gtest.cc:2657)
==163==    by 0x14CC4A: testing::UnitTest::Run() (gtest.cc:5455)
==163== 
==163== Use of uninitialised value of size 8
==163==    at 0x4BD20E9: toupper (ctype.c:53)
==163==    by 0x4BD20E9: toupper (ctype.c:51)
==163==    by 0x1261A2: void mySort<47, 20>(char (&) [47][20]) (mySorting.h:42)
==163==    by 0x12467C: MySortTester_sortingConstCharPtrAllUpperCases_expectedAllWordsSorted_Test::TestBody() (MySortTests.cpp:108)
==163==    by 0x1694FC: void testing::internal::HandleSehExceptionsInMethodIfSupported<testing::Test, void>(testing::Test*, void (testing::Test::*)(), char const*) (gtest.cc:2621)
==163==    by 0x161DCC: void testing::internal::HandleExceptionsInMethodIfSupported<testing::Test, void>(testing::Test*, void (testing::Test::*)(), char const*) (gtest.cc:2657)
==163==    by 0x13CE1F: testing::Test::Run() (gtest.cc:2696)
==163==    by 0x13D93A: testing::TestInfo::Run() (gtest.cc:2845)
==163==    by 0x13E278: testing::TestSuite::Run() (gtest.cc:3004)
==163==    by 0x14E628: testing::internal::UnitTestImpl::RunAllTests() (gtest.cc:5890)
==163==    by 0x16A4B5: bool testing::internal::HandleSehExceptionsInMethodIfSupported<testing::internal::UnitTestImpl, bool>(testing::internal::UnitTestImpl*, bool (testing::internal::UnitTestImpl::*)(), char const*) (gtest.cc:2621)
==163==    by 0x162EBA: bool testing::internal::HandleExceptionsInMethodIfSupported<testing::internal::UnitTestImpl, bool>(testing::internal::UnitTestImpl*, bool (testing::internal::UnitTestImpl::*)(), char const*) (gtest.cc:2657)
==163==    by 0x14CC4A: testing::UnitTest::Run() (gtest.cc:5455)
==163== 
[       OK ] MySortTester.sortingConstCharPtrAllUpperCases_expectedAllWordsSorted (31 ms)
[ RUN      ] MySortTester.sortingConstCharPtrIgnoreCases_expectedAllWordsSortedDespiteDifferentCases
==163== Conditional jump or move depends on uninitialised value(s)
==163==    at 0x4BD20D2: toupper (ctype.c:53)
==163==    by 0x126363: void mySort<11, 20>(char (&) [11][20]) (mySorting.h:43)
==163==    by 0x124B42: MySortTester_sortingConstCharPtrIgnoreCases_expectedAllWordsSortedDespiteDifferentCases_Test::TestBody() (MySortTests.cpp:125)
==163==    by 0x1694FC: void testing::internal::HandleSehExceptionsInMethodIfSupported<testing::Test, void>(testing::Test*, void (testing::Test::*)(), char const*) (gtest.cc:2621)
==163==    by 0x161DCC: void testing::internal::HandleExceptionsInMethodIfSupported<testing::Test, void>(testing::Test*, void (testing::Test::*)(), char const*) (gtest.cc:2657)
==163==    by 0x13CE1F: testing::Test::Run() (gtest.cc:2696)
==163==    by 0x13D93A: testing::TestInfo::Run() (gtest.cc:2845)
==163==    by 0x13E278: testing::TestSuite::Run() (gtest.cc:3004)
==163==    by 0x14E628: testing::internal::UnitTestImpl::RunAllTests() (gtest.cc:5890)
==163==    by 0x16A4B5: bool testing::internal::HandleSehExceptionsInMethodIfSupported<testing::internal::UnitTestImpl, bool>(testing::internal::UnitTestImpl*, bool (testing::internal::UnitTestImpl::*)(), char const*) (gtest.cc:2621)
==163==    by 0x162EBA: bool testing::internal::HandleExceptionsInMethodIfSupported<testing::internal::UnitTestImpl, bool>(testing::internal::UnitTestImpl*, bool (testing::internal::UnitTestImpl::*)(), char const*) (gtest.cc:2657)
==163==    by 0x14CC4A: testing::UnitTest::Run() (gtest.cc:5455)
==163== 
==163== Use of uninitialised value of size 8
==163==    at 0x4BD20E9: toupper (ctype.c:53)
==163==    by 0x4BD20E9: toupper (ctype.c:51)
==163==    by 0x126363: void mySort<11, 20>(char (&) [11][20]) (mySorting.h:43)
==163==    by 0x124B42: MySortTester_sortingConstCharPtrIgnoreCases_expectedAllWordsSortedDespiteDifferentCases_Test::TestBody() (MySortTests.cpp:125)
==163==    by 0x1694FC: void testing::internal::HandleSehExceptionsInMethodIfSupported<testing::Test, void>(testing::Test*, void (testing::Test::*)(), char const*) (gtest.cc:2621)
==163==    by 0x161DCC: void testing::internal::HandleExceptionsInMethodIfSupported<testing::Test, void>(testing::Test*, void (testing::Test::*)(), char const*) (gtest.cc:2657)
==163==    by 0x13CE1F: testing::Test::Run() (gtest.cc:2696)
==163==    by 0x13D93A: testing::TestInfo::Run() (gtest.cc:2845)
==163==    by 0x13E278: testing::TestSuite::Run() (gtest.cc:3004)
==163==    by 0x14E628: testing::internal::UnitTestImpl::RunAllTests() (gtest.cc:5890)
==163==    by 0x16A4B5: bool testing::internal::HandleSehExceptionsInMethodIfSupported<testing::internal::UnitTestImpl, bool>(testing::internal::UnitTestImpl*, bool (testing::internal::UnitTestImpl::*)(), char const*) (gtest.cc:2621)
==163==    by 0x162EBA: bool testing::internal::HandleExceptionsInMethodIfSupported<testing::internal::UnitTestImpl, bool>(testing::internal::UnitTestImpl*, bool (testing::internal::UnitTestImpl::*)(), char const*) (gtest.cc:2657)
==163==    by 0x14CC4A: testing::UnitTest::Run() (gtest.cc:5455)
==163== 
==163== Conditional jump or move depends on uninitialised value(s)
==163==    at 0x4BD20D2: toupper (ctype.c:53)
==163==    by 0x126344: void mySort<11, 20>(char (&) [11][20]) (mySorting.h:42)
==163==    by 0x124B42: MySortTester_sortingConstCharPtrIgnoreCases_expectedAllWordsSortedDespiteDifferentCases_Test::TestBody() (MySortTests.cpp:125)
==163==    by 0x1694FC: void testing::internal::HandleSehExceptionsInMethodIfSupported<testing::Test, void>(testing::Test*, void (testing::Test::*)(), char const*) (gtest.cc:2621)
==163==    by 0x161DCC: void testing::internal::HandleExceptionsInMethodIfSupported<testing::Test, void>(testing::Test*, void (testing::Test::*)(), char const*) (gtest.cc:2657)
==163==    by 0x13CE1F: testing::Test::Run() (gtest.cc:2696)
==163==    by 0x13D93A: testing::TestInfo::Run() (gtest.cc:2845)
==163==    by 0x13E278: testing::TestSuite::Run() (gtest.cc:3004)
==163==    by 0x14E628: testing::internal::UnitTestImpl::RunAllTests() (gtest.cc:5890)
==163==    by 0x16A4B5: bool testing::internal::HandleSehExceptionsInMethodIfSupported<testing::internal::UnitTestImpl, bool>(testing::internal::UnitTestImpl*, bool (testing::internal::UnitTestImpl::*)(), char const*) (gtest.cc:2621)
==163==    by 0x162EBA: bool testing::internal::HandleExceptionsInMethodIfSupported<testing::internal::UnitTestImpl, bool>(testing::internal::UnitTestImpl*, bool (testing::internal::UnitTestImpl::*)(), char const*) (gtest.cc:2657)
==163==    by 0x14CC4A: testing::UnitTest::Run() (gtest.cc:5455)
==163== 
==163== Use of uninitialised value of size 8
==163==    at 0x4BD20E9: toupper (ctype.c:53)
==163==    by 0x4BD20E9: toupper (ctype.c:51)
==163==    by 0x126344: void mySort<11, 20>(char (&) [11][20]) (mySorting.h:42)
==163==    by 0x124B42: MySortTester_sortingConstCharPtrIgnoreCases_expectedAllWordsSortedDespiteDifferentCases_Test::TestBody() (MySortTests.cpp:125)
==163==    by 0x1694FC: void testing::internal::HandleSehExceptionsInMethodIfSupported<testing::Test, void>(testing::Test*, void (testing::Test::*)(), char const*) (gtest.cc:2621)
==163==    by 0x161DCC: void testing::internal::HandleExceptionsInMethodIfSupported<testing::Test, void>(testing::Test*, void (testing::Test::*)(), char const*) (gtest.cc:2657)
==163==    by 0x13CE1F: testing::Test::Run() (gtest.cc:2696)
==163==    by 0x13D93A: testing::TestInfo::Run() (gtest.cc:2845)
==163==    by 0x13E278: testing::TestSuite::Run() (gtest.cc:3004)
==163==    by 0x14E628: testing::internal::UnitTestImpl::RunAllTests() (gtest.cc:5890)
==163==    by 0x16A4B5: bool testing::internal::HandleSehExceptionsInMethodIfSupported<testing::internal::UnitTestImpl, bool>(testing::internal::UnitTestImpl*, bool (testing::internal::UnitTestImpl::*)(), char const*) (gtest.cc:2621)
==163==    by 0x162EBA: bool testing::internal::HandleExceptionsInMethodIfSupported<testing::internal::UnitTestImpl, bool>(testing::internal::UnitTestImpl*, bool (testing::internal::UnitTestImpl::*)(), char const*) (gtest.cc:2657)
==163==    by 0x14CC4A: testing::UnitTest::Run() (gtest.cc:5455)
==163== 
[       OK ] MySortTester.sortingConstCharPtrIgnoreCases_expectedAllWordsSortedDespiteDifferentCases (5 ms)
[----------] 5 tests from MySortTester (72 ms total)

[----------] Global test environment tear-down
[==========] 16 tests from 2 test suites ran. (304 ms total)
[  PASSED  ] 16 tests.
==163== 
==163== HEAP SUMMARY:
==163==     in use at exit: 0 bytes in 0 blocks
==163==   total heap usage: 674 allocs, 674 frees, 145,727 bytes allocated
==163== 
==163== All heap blocks were freed -- no leaks are possible
==163== 
==163== Use --track-origins=yes to see where uninitialised values come from
==163== For lists of detected and suppressed errors, rerun with: -s
==163== ERROR SUMMARY: 120 errors from 8 contexts (suppressed: 0 from 0)
