{
  "tests": 12,
  "failures": 12,
  "disabled": 0,
  "errors": 0,
  "timestamp": "2023-04-19T15:26:25Z",
  "time": "0s",
  "name": "AllTests",
  "testsuites": [
    {
      "name": "RectangleTester",
      "tests": 4,
      "failures": 4,
      "disabled": 0,
      "errors": 0,
      "timestamp": "2023-04-19T15:26:25Z",
      "time": "0s",
      "testsuite": [
        {
          "name": "constructorOfRectangleStartingInBeginningOfSystemCoordinate",
          "file": "\/tmp\/tmpfxa4_5gr\/student\/zaj4ShapeDrawing\/tests\/shapesTests.cpp",
          "line": 80,
          "status": "RUN",
          "result": "COMPLETED",
          "timestamp": "2023-04-19T15:26:25Z",
          "time": "0s",
          "classname": "RectangleTester",
          "failures": [
            {
              "failure": "\/tmp\/tmpfxa4_5gr\/student\/zaj4ShapeDrawing\/tests\/shapesTests.cpp:91\nFailed\nRectangle not implemented!",
              "type": ""
            }
          ]
        },
        {
          "name": "isInMethodOfRectangleStartingInBeginningOfCoordinateSystem",
          "file": "\/tmp\/tmpfxa4_5gr\/student\/zaj4ShapeDrawing\/tests\/shapesTests.cpp",
          "line": 95,
          "status": "RUN",
          "result": "COMPLETED",
          "timestamp": "2023-04-19T15:26:25Z",
          "time": "0s",
          "classname": "RectangleTester",
          "failures": [
            {
              "failure": "\/tmp\/tmpfxa4_5gr\/student\/zaj4ShapeDrawing\/tests\/shapesTests.cpp:110\nFailed\nRectangle not implemented!",
              "type": ""
            }
          ]
        },
        {
          "name": "isInMethodOfRectangleStartingNotInBeginningOfCoordinateSystem",
          "file": "\/tmp\/tmpfxa4_5gr\/student\/zaj4ShapeDrawing\/tests\/shapesTests.cpp",
          "line": 114,
          "status": "RUN",
          "result": "COMPLETED",
          "timestamp": "2023-04-19T15:26:25Z",
          "time": "0s",
          "classname": "RectangleTester",
          "failures": [
            {
              "failure": "\/tmp\/tmpfxa4_5gr\/student\/zaj4ShapeDrawing\/tests\/shapesTests.cpp:129\nFailed\nRectangle not implemented!",
              "type": ""
            }
          ]
        },
        {
          "name": "constructorOfRectangleWithBothSitesEqualToZero",
          "file": "\/tmp\/tmpfxa4_5gr\/student\/zaj4ShapeDrawing\/tests\/shapesTests.cpp",
          "line": 133,
          "status": "RUN",
          "result": "COMPLETED",
          "timestamp": "2023-04-19T15:26:25Z",
          "time": "0s",
          "classname": "RectangleTester",
          "failures": [
            {
              "failure": "\/tmp\/tmpfxa4_5gr\/student\/zaj4ShapeDrawing\/tests\/shapesTests.cpp:144\nFailed\nRectangle not implemented!",
              "type": ""
            }
          ]
        }
      ]
    },
    {
      "name": "CircleTester",
      "tests": 4,
      "failures": 4,
      "disabled": 0,
      "errors": 0,
      "timestamp": "2023-04-19T15:26:25Z",
      "time": "0s",
      "testsuite": [
        {
          "name": "constructorOfCircleStartingInBeginningOfCoordinateSystem",
          "file": "\/tmp\/tmpfxa4_5gr\/student\/zaj4ShapeDrawing\/tests\/shapesTests.cpp",
          "line": 148,
          "status": "RUN",
          "result": "COMPLETED",
          "timestamp": "2023-04-19T15:26:25Z",
          "time": "0s",
          "classname": "CircleTester",
          "failures": [
            {
              "failure": "\/tmp\/tmpfxa4_5gr\/student\/zaj4ShapeDrawing\/tests\/shapesTests.cpp:174\nFailed\nCircle not implemented!",
              "type": ""
            }
          ]
        },
        {
          "name": "isInMethodOfCircleStartingInBeginningOfCoordinateSystem",
          "file": "\/tmp\/tmpfxa4_5gr\/student\/zaj4ShapeDrawing\/tests\/shapesTests.cpp",
          "line": 178,
          "status": "RUN",
          "result": "COMPLETED",
          "timestamp": "2023-04-19T15:26:25Z",
          "time": "0s",
          "classname": "CircleTester",
          "failures": [
            {
              "failure": "\/tmp\/tmpfxa4_5gr\/student\/zaj4ShapeDrawing\/tests\/shapesTests.cpp:211\nFailed\nCircle not implemented!",
              "type": ""
            }
          ]
        },
        {
          "name": "isInMethodOfCircleStartingNotInBeginningOfCoordinateSystem",
          "file": "\/tmp\/tmpfxa4_5gr\/student\/zaj4ShapeDrawing\/tests\/shapesTests.cpp",
          "line": 215,
          "status": "RUN",
          "result": "COMPLETED",
          "timestamp": "2023-04-19T15:26:25Z",
          "time": "0s",
          "classname": "CircleTester",
          "failures": [
            {
              "failure": "\/tmp\/tmpfxa4_5gr\/student\/zaj4ShapeDrawing\/tests\/shapesTests.cpp:243\nFailed\nCircle not implemented!",
              "type": ""
            }
          ]
        },
        {
          "name": "constructorOfCircleWithRadiusEqualToZero",
          "file": "\/tmp\/tmpfxa4_5gr\/student\/zaj4ShapeDrawing\/tests\/shapesTests.cpp",
          "line": 247,
          "status": "RUN",
          "result": "COMPLETED",
          "timestamp": "2023-04-19T15:26:25Z",
          "time": "0s",
          "classname": "CircleTester",
          "failures": [
            {
              "failure": "\/tmp\/tmpfxa4_5gr\/student\/zaj4ShapeDrawing\/tests\/shapesTests.cpp:258\nFailed\nCircle not implemented!",
              "type": ""
            }
          ]
        }
      ]
    },
    {
      "name": "ShapeCompositeTester",
      "tests": 4,
      "failures": 4,
      "disabled": 0,
      "errors": 0,
      "timestamp": "2023-04-19T15:26:25Z",
      "time": "0s",
      "testsuite": [
        {
          "name": "sumOfSqhareAndCircle",
          "file": "\/tmp\/tmpfxa4_5gr\/student\/zaj4ShapeDrawing\/tests\/shapesTests.cpp",
          "line": 263,
          "status": "RUN",
          "result": "COMPLETED",
          "timestamp": "2023-04-19T15:26:25Z",
          "time": "0s",
          "classname": "ShapeCompositeTester",
          "failures": [
            {
              "failure": "\/tmp\/tmpfxa4_5gr\/student\/zaj4ShapeDrawing\/tests\/shapesTests.cpp:319\nFailed\nRequired classes not implemented not implemented!",
              "type": ""
            }
          ]
        },
        {
          "name": "intersectionOfSqhareAndCircle",
          "file": "\/tmp\/tmpfxa4_5gr\/student\/zaj4ShapeDrawing\/tests\/shapesTests.cpp",
          "line": 323,
          "status": "RUN",
          "result": "COMPLETED",
          "timestamp": "2023-04-19T15:26:25Z",
          "time": "0s",
          "classname": "ShapeCompositeTester",
          "failures": [
            {
              "failure": "\/tmp\/tmpfxa4_5gr\/student\/zaj4ShapeDrawing\/tests\/shapesTests.cpp:376\nFailed\nRequired classes not implemented not implemented!",
              "type": ""
            }
          ]
        },
        {
          "name": "differenceOfSqhareAndCircle",
          "file": "\/tmp\/tmpfxa4_5gr\/student\/zaj4ShapeDrawing\/tests\/shapesTests.cpp",
          "line": 380,
          "status": "RUN",
          "result": "COMPLETED",
          "timestamp": "2023-04-19T15:26:25Z",
          "time": "0s",
          "classname": "ShapeCompositeTester",
          "failures": [
            {
              "failure": "\/tmp\/tmpfxa4_5gr\/student\/zaj4ShapeDrawing\/tests\/shapesTests.cpp:431\nFailed\nRequired classes not implemented not implemented!",
              "type": ""
            }
          ]
        },
        {
          "name": "drawingHouse",
          "file": "\/tmp\/tmpfxa4_5gr\/student\/zaj4ShapeDrawing\/tests\/shapesTests.cpp",
          "line": 435,
          "status": "RUN",
          "result": "COMPLETED",
          "timestamp": "2023-04-19T15:26:25Z",
          "time": "0s",
          "classname": "ShapeCompositeTester",
          "failures": [
            {
              "failure": "\/tmp\/tmpfxa4_5gr\/student\/zaj4ShapeDrawing\/tests\/shapesTests.cpp:495\nFailed\nRequired classes not implemented not implemented!",
              "type": ""
            }
          ]
        }
      ]
    }
  ]
}
