==163== Memcheck, a memory error detector
==163== Copyright (C) 2002-2017, and GNU GPL'd, by Julian Seward et al.
==163== Using Valgrind-3.18.1 and LibVEX; rerun with -h for copyright info
==163== Command: /tmp/tmpvfyrxuxj/student/zaj1Fraction/build//bin/tests
==163== 
Running main() from /tmp/tmpvfyrxuxj/student/zaj1Fraction/tests/lib/googletest/src/gtest_main.cc
[==========] Running 12 tests from 1 test suite.
[----------] Global test environment set-up.
[----------] 12 tests from FractionTester
[ RUN      ] FractionTester.classFractionExists
[       OK ] FractionTester.classFractionExists (14 ms)
[ RUN      ] FractionTester.hasNumeratorAndDenominator
[       OK ] FractionTester.hasNumeratorAndDenominator (5 ms)
[ RUN      ] FractionTester.checkIfHasDefaultConstructor
[       OK ] FractionTester.checkIfHasDefaultConstructor (1 ms)
[ RUN      ] FractionTester.hasConstructorWhichInitialiseNumeratorAndDenominator
[       OK ] FractionTester.hasConstructorWhichInitialiseNumeratorAndDenominator (4 ms)
[ RUN      ] FractionTester.hasGettersAndSetters
[       OK ] FractionTester.hasGettersAndSetters (5 ms)
[ RUN      ] FractionTester.hasPrintFunction
[       OK ] FractionTester.hasPrintFunction (11 ms)
[ RUN      ] FractionTester.counterOfDestructedFractionsImplemented
[       OK ] FractionTester.counterOfDestructedFractionsImplemented (3 ms)
[ RUN      ] FractionTester.saveImplemented
[       OK ] FractionTester.saveImplemented (3 ms)
[ RUN      ] FractionTester.loadImplemented
[       OK ] FractionTester.loadImplemented (13 ms)
[ RUN      ] FractionTester.fractionNameSettableFromConstructor
[       OK ] FractionTester.fractionNameSettableFromConstructor (4 ms)
[ RUN      ] FractionTester.fractionGettersAreConst
[       OK ] FractionTester.fractionGettersAreConst (3 ms)
[ RUN      ] FractionTester.fractionConstStaticFieldsImplemented
[       OK ] FractionTester.fractionConstStaticFieldsImplemented (2 ms)
[----------] 12 tests from FractionTester (86 ms total)

[----------] Global test environment tear-down
[==========] 12 tests from 1 test suite ran. (141 ms total)
[  PASSED  ] 12 tests.
==163== 
==163== HEAP SUMMARY:
==163==     in use at exit: 0 bytes in 0 blocks
==163==   total heap usage: 339 allocs, 339 frees, 131,471 bytes allocated
==163== 
==163== All heap blocks were freed -- no leaks are possible
==163== 
==163== For lists of detected and suppressed errors, rerun with: -s
==163== ERROR SUMMARY: 0 errors from 0 contexts (suppressed: 0 from 0)
