{
  "tests": 12,
  "failures": 0,
  "disabled": 0,
  "errors": 0,
  "timestamp": "2023-03-20T11:43:43Z",
  "time": "0s",
  "name": "AllTests",
  "testsuites": [
    {
      "name": "MatrixTester",
      "tests": 12,
      "failures": 0,
      "disabled": 0,
      "errors": 0,
      "timestamp": "2023-03-20T11:43:43Z",
      "time": "0s",
      "testsuite": [
        {
          "name": "constructionEmptyMatrix_expectedAllElementsAreZero",
          "file": "\/tmp\/tmpzpkmblvo\/student\/zaj2Matrix\/tests\/matrixTests.cpp",
          "line": 29,
          "status": "RUN",
          "result": "COMPLETED",
          "timestamp": "2023-03-20T11:43:43Z",
          "time": "0s",
          "classname": "MatrixTester"
        },
        {
          "name": "constructionMatrixFromTwoDimensionArray_expectedAllElementsCopied",
          "file": "\/tmp\/tmpzpkmblvo\/student\/zaj2Matrix\/tests\/matrixTests.cpp",
          "line": 47,
          "status": "RUN",
          "result": "COMPLETED",
          "timestamp": "2023-03-20T11:43:43Z",
          "time": "0s",
          "classname": "MatrixTester"
        },
        {
          "name": "constructionMatrixFromAnotherMatrix_expectedAllElementsCopied",
          "file": "\/tmp\/tmpzpkmblvo\/student\/zaj2Matrix\/tests\/matrixTests.cpp",
          "line": 67,
          "status": "RUN",
          "result": "COMPLETED",
          "timestamp": "2023-03-20T11:43:43Z",
          "time": "0s",
          "classname": "MatrixTester"
        },
        {
          "name": "assignmentOperatorCopyingDeeply_expectedAllElementsCopied",
          "file": "\/tmp\/tmpzpkmblvo\/student\/zaj2Matrix\/tests\/matrixTests.cpp",
          "line": 88,
          "status": "RUN",
          "result": "COMPLETED",
          "timestamp": "2023-03-20T11:43:43Z",
          "time": "0s",
          "classname": "MatrixTester"
        },
        {
          "name": "assignmentOperatorCopyingFromItselve_expectedNotCrash",
          "file": "\/tmp\/tmpzpkmblvo\/student\/zaj2Matrix\/tests\/matrixTests.cpp",
          "line": 111,
          "status": "RUN",
          "result": "COMPLETED",
          "timestamp": "2023-03-20T11:43:43Z",
          "time": "0s",
          "classname": "MatrixTester"
        },
        {
          "name": "checkingOstreamOperator_expectedAllElementsInStream",
          "file": "\/tmp\/tmpzpkmblvo\/student\/zaj2Matrix\/tests\/matrixTests.cpp",
          "line": 135,
          "status": "RUN",
          "result": "COMPLETED",
          "timestamp": "2023-03-20T11:43:43Z",
          "time": "0s",
          "classname": "MatrixTester"
        },
        {
          "name": "checkingIstreamOperator_expectedAllElementsReadFromStream",
          "file": "\/tmp\/tmpzpkmblvo\/student\/zaj2Matrix\/tests\/matrixTests.cpp",
          "line": 163,
          "status": "RUN",
          "result": "COMPLETED",
          "timestamp": "2023-03-20T11:43:43Z",
          "time": "0s",
          "classname": "MatrixTester"
        },
        {
          "name": "multiplicationMatrixMultipliedWithNumber_expectedAllElementsOfMatrixMultiplied",
          "file": "\/tmp\/tmpzpkmblvo\/student\/zaj2Matrix\/tests\/matrixTests.cpp",
          "line": 190,
          "status": "RUN",
          "result": "COMPLETED",
          "timestamp": "2023-03-20T11:43:43Z",
          "time": "0s",
          "classname": "MatrixTester"
        },
        {
          "name": "additionOfTwoMatrixes_expectedMatrixWithSumOfElementsReturned",
          "file": "\/tmp\/tmpzpkmblvo\/student\/zaj2Matrix\/tests\/matrixTests.cpp",
          "line": 216,
          "status": "RUN",
          "result": "COMPLETED",
          "timestamp": "2023-03-20T11:43:43Z",
          "time": "0s",
          "classname": "MatrixTester"
        },
        {
          "name": "andOfTwoMatrixes_expectedMatrixWithAllElementsAsResultOfLogicalAndReturned",
          "file": "\/tmp\/tmpzpkmblvo\/student\/zaj2Matrix\/tests\/matrixTests.cpp",
          "line": 247,
          "status": "RUN",
          "result": "COMPLETED",
          "timestamp": "2023-03-20T11:43:43Z",
          "time": "0s",
          "classname": "MatrixTester"
        },
        {
          "name": "accessingMatrixByRowAndColumnWithIndexOperator_expectedSuccesfullAccess",
          "file": "\/tmp\/tmpzpkmblvo\/student\/zaj2Matrix\/tests\/matrixTests.cpp",
          "line": 278,
          "status": "RUN",
          "result": "COMPLETED",
          "timestamp": "2023-03-20T11:43:43Z",
          "time": "0s",
          "classname": "MatrixTester"
        },
        {
          "name": "matrixConverseOperatorIntoSizeType_expected2ReturnElementsInEachDimentions",
          "file": "\/tmp\/tmpzpkmblvo\/student\/zaj2Matrix\/tests\/matrixTests.cpp",
          "line": 304,
          "status": "RUN",
          "result": "COMPLETED",
          "timestamp": "2023-03-20T11:43:43Z",
          "time": "0s",
          "classname": "MatrixTester"
        }
      ]
    }
  ]
}
