/tmp/tmp7fbx4cuq/student/zaj3Vector/fraction.cpp:55:15: warning: Either the condition 'denominator==0' is redundant or there is division by zero at line 55. [zerodivcond]
    numerator /= divisor;
              ^
/tmp/tmp7fbx4cuq/student/zaj3Vector/fraction.cpp:57:21: note: Assuming that condition 'denominator==0' is not redundant
    if (denominator == 0)
                    ^
/tmp/tmp7fbx4cuq/student/zaj3Vector/fraction.cpp:56:20: note: Assignment to 'denominator/=divisor'
    denominator /= divisor;
                   ^
/tmp/tmp7fbx4cuq/student/zaj3Vector/fraction.cpp:55:15: note: Division by zero
    numerator /= divisor;
              ^
/tmp/tmp7fbx4cuq/student/zaj3Vector/fraction.cpp:52:9: warning: Local variable 'numerator' shadows outer function [shadowFunction]
    int numerator = fraction.numerator();
        ^
/tmp/tmp7fbx4cuq/student/zaj3Vector/fraction.h:50:23: note: Shadowed declaration
    [[nodiscard]] int numerator() const;
                      ^
/tmp/tmp7fbx4cuq/student/zaj3Vector/fraction.cpp:52:9: note: Shadow variable
    int numerator = fraction.numerator();
        ^
/tmp/tmp7fbx4cuq/student/zaj3Vector/fraction.cpp:53:9: warning: Local variable 'denominator' shadows outer function [shadowFunction]
    int denominator = fraction.denominator();
        ^
/tmp/tmp7fbx4cuq/student/zaj3Vector/fraction.h:49:23: note: Shadowed declaration
    [[nodiscard]] int denominator() const;
                      ^
/tmp/tmp7fbx4cuq/student/zaj3Vector/fraction.cpp:53:9: note: Shadow variable
    int denominator = fraction.denominator();
        ^
/tmp/tmp7fbx4cuq/student/zaj3Vector/fraction.cpp:22:0: warning: The function 'setDenominator' is never used. [unusedFunction]
void Fraction::setDenominator(int den){
^
/tmp/tmp7fbx4cuq/student/zaj3Vector/fraction.cpp:27:0: warning: The function 'setNumerator' is never used. [unusedFunction]
void Fraction::setNumerator(int num) {
^
/tmp/tmp7fbx4cuq/student/zaj3Vector/vector.cpp:35:0: warning: The function 'size' is never used. [unusedFunction]
size_t Vector::size() const {
^
/tmp/tmp7fbx4cuq/student/zaj3Vector/vector.cpp:39:0: warning: The function 'capacity' is never used. [unusedFunction]
size_t Vector::capacity() const {
^
/tmp/tmp7fbx4cuq/student/zaj3Vector/vector.cpp:43:0: warning: The function 'data' is never used. [unusedFunction]
const std::shared_ptr<Fraction[]> &Vector::data() const {
^
/tmp/tmp7fbx4cuq/student/zaj3Vector/vector.cpp:68:0: warning: The function 'push_back' is never used. [unusedFunction]
void Vector::push_back(const Fraction &fraction) {
^
