{
  "tests": 14,
  "failures": 0,
  "disabled": 0,
  "errors": 0,
  "timestamp": "2023-04-09T23:15:23Z",
  "time": "0s",
  "name": "AllTests",
  "testsuites": [
    {
      "name": "FractionTester",
      "tests": 6,
      "failures": 0,
      "disabled": 0,
      "errors": 0,
      "timestamp": "2023-04-09T23:15:23Z",
      "time": "0s",
      "testsuite": [
        {
          "name": "constructionAndGetters_expectedValuesFromConstructorReadableByGetters",
          "file": "\/tmp\/tmp7fbx4cuq\/student\/zaj3Vector\/tests\/fractionTests.cpp",
          "line": 21,
          "status": "RUN",
          "result": "COMPLETED",
          "timestamp": "2023-04-09T23:15:23Z",
          "time": "0s",
          "classname": "FractionTester"
        },
        {
          "name": "settersForMembers_expectedValuesChangesWithoutReduction",
          "file": "\/tmp\/tmp7fbx4cuq\/student\/zaj3Vector\/tests\/fractionTests.cpp",
          "line": 42,
          "status": "RUN",
          "result": "COMPLETED",
          "timestamp": "2023-04-09T23:15:23Z",
          "time": "0s",
          "classname": "FractionTester"
        },
        {
          "name": "fractionMultiplyResultFractionImpossibleForReduction_expectedSimpleMultiplyingWorking",
          "file": "\/tmp\/tmp7fbx4cuq\/student\/zaj3Vector\/tests\/fractionTests.cpp",
          "line": 57,
          "status": "RUN",
          "result": "COMPLETED",
          "timestamp": "2023-04-09T23:15:23Z",
          "time": "0s",
          "classname": "FractionTester"
        },
        {
          "name": "fractionAdditionResultFractionImpossibleForReduction_expectedSimpleAdditionWorking",
          "file": "\/tmp\/tmp7fbx4cuq\/student\/zaj3Vector\/tests\/fractionTests.cpp",
          "line": 68,
          "status": "RUN",
          "result": "COMPLETED",
          "timestamp": "2023-04-09T23:15:23Z",
          "time": "0s",
          "classname": "FractionTester"
        },
        {
          "name": "settingInvalidDenominarrInConstructor_expectedThrow",
          "file": "\/tmp\/tmp7fbx4cuq\/student\/zaj3Vector\/tests\/fractionTests.cpp",
          "line": 79,
          "status": "RUN",
          "result": "COMPLETED",
          "timestamp": "2023-04-09T23:15:23Z",
          "time": "0s",
          "classname": "FractionTester"
        },
        {
          "name": "fractionAdditionWithCommonDenominator_expectedReduction",
          "file": "\/tmp\/tmp7fbx4cuq\/student\/zaj3Vector\/tests\/fractionTests.cpp",
          "line": 90,
          "status": "RUN",
          "result": "COMPLETED",
          "timestamp": "2023-04-09T23:15:23Z",
          "time": "0s",
          "classname": "FractionTester"
        }
      ]
    },
    {
      "name": "VectorTest",
      "tests": 8,
      "failures": 0,
      "disabled": 0,
      "errors": 0,
      "timestamp": "2023-04-09T23:15:23Z",
      "time": "0s",
      "testsuite": [
        {
          "name": "constructionAndGetters_expectedValuesFromConstructorReadableByGetters",
          "file": "\/tmp\/tmp7fbx4cuq\/student\/zaj3Vector\/tests\/vectorTests.cpp",
          "line": 44,
          "status": "RUN",
          "result": "COMPLETED",
          "timestamp": "2023-04-09T23:15:23Z",
          "time": "0s",
          "classname": "VectorTest"
        },
        {
          "name": "destructOfNotEmptyVector_expectedMemoryFreedOnce",
          "file": "\/tmp\/tmp7fbx4cuq\/student\/zaj3Vector\/tests\/vectorTests.cpp",
          "line": 65,
          "status": "RUN",
          "result": "COMPLETED",
          "timestamp": "2023-04-09T23:15:23Z",
          "time": "0s",
          "classname": "VectorTest"
        },
        {
          "name": "addingMultipleElementsWithoutReallocation_expectedSizeIncreasesButCapacityDoesNot",
          "file": "\/tmp\/tmp7fbx4cuq\/student\/zaj3Vector\/tests\/vectorTests.cpp",
          "line": 78,
          "status": "RUN",
          "result": "COMPLETED",
          "timestamp": "2023-04-09T23:15:23Z",
          "time": "0s",
          "classname": "VectorTest"
        },
        {
          "name": "accessingWithIndexOperator_expectedProperElementsInProperPlaces",
          "file": "\/tmp\/tmp7fbx4cuq\/student\/zaj3Vector\/tests\/vectorTests.cpp",
          "line": 92,
          "status": "RUN",
          "result": "COMPLETED",
          "timestamp": "2023-04-09T23:15:23Z",
          "time": "0s",
          "classname": "VectorTest"
        },
        {
          "name": "copyAndMoveConstructor_expectedSuccessfulCopyAndMove",
          "file": "\/tmp\/tmp7fbx4cuq\/student\/zaj3Vector\/tests\/vectorTests.cpp",
          "line": 107,
          "status": "RUN",
          "result": "COMPLETED",
          "timestamp": "2023-04-09T23:15:23Z",
          "time": "0s",
          "classname": "VectorTest"
        },
        {
          "name": "assignmentOperatorCopyingAndMoving_expectedSuccessfulCopyAndMove",
          "file": "\/tmp\/tmp7fbx4cuq\/student\/zaj3Vector\/tests\/vectorTests.cpp",
          "line": 148,
          "status": "RUN",
          "result": "COMPLETED",
          "timestamp": "2023-04-09T23:15:23Z",
          "time": "0s",
          "classname": "VectorTest"
        },
        {
          "name": "accessingWithIndexOperatorOutOfRange_expectedExceptionWhenOutOfRange",
          "file": "\/tmp\/tmp7fbx4cuq\/student\/zaj3Vector\/tests\/vectorTests.cpp",
          "line": 189,
          "status": "RUN",
          "result": "COMPLETED",
          "timestamp": "2023-04-09T23:15:23Z",
          "time": "0s",
          "classname": "VectorTest"
        },
        {
          "name": "addingElementsWithReallocationNecessairy",
          "file": "\/tmp\/tmp7fbx4cuq\/student\/zaj3Vector\/tests\/vectorTests.cpp",
          "line": 207,
          "status": "RUN",
          "result": "COMPLETED",
          "timestamp": "2023-04-09T23:15:23Z",
          "time": "0s",
          "classname": "VectorTest"
        }
      ]
    }
  ]
}
